PRT1
63
160
4 0 6 (-759 1024 380 ) (-764 1024 380 ) (-764 1024 116 ) (-759 1024 116 ) 
4 0 5 (-723 1024 380 ) (-759 1024 380 ) (-759 1024 116 ) (-723 1024 116 ) 
4 0 2 (-764 1119 376 ) (-764 1119 380 ) (-764 1169 380 ) (-764 1169 376 ) 
4 0 1 (-764 1183 380 ) (-764 1183 116 ) (-764 1169 116 ) (-764 1169 380 ) 
4 1 13 (-1024 1169 380 ) (-1024 1183 380 ) (-1024 1183 116 ) (-1024 1169 116 ) 
4 1 3 (-831 1169 376 ) (-831 1169 380 ) (-1024 1169 380 ) (-1024 1169 376 ) 
4 1 2 (-764 1169 376 ) (-764 1169 380 ) (-831 1169 380 ) (-831 1169 376 ) 
4 2 3 (-831 1169 380 ) (-831 1169 376 ) (-831 1119 376 ) (-831 1119 380 ) 
4 3 14 (-1024 1032 380 ) (-1024 1169 380 ) (-1024 1169 376 ) (-1024 1032 376 ) 
4 3 4 (-831 1032 376 ) (-831 1032 380 ) (-1024 1032 380 ) (-1024 1032 376 ) 
4 4 19 (-1024 1024 128 ) (-1024 1024 376 ) (-1024 1030 376 ) (-1024 1030 128 ) 
4 4 16 (-1024 1030 376 ) (-1024 1032 376 ) (-1024 1032 128 ) (-1024 1030 128 ) 
4 4 15 (-1024 1024 376 ) (-1024 1024 380 ) (-1024 1032 380 ) (-1024 1032 376 ) 
4 4 7 (-831 1024 380 ) (-1024 1024 380 ) (-1024 1024 128 ) (-831 1024 128 ) 
4 5 10 (-759 449 116 ) (-759 412 116 ) (-759 412 380 ) (-759 449 380 ) 
4 5 8 (-759 449 376 ) (-759 449 380 ) (-759 516 380 ) (-759 516 376 ) 
4 5 6 (-759 1024 116 ) (-759 516 116 ) (-759 516 380 ) (-759 1024 380 ) 
4 5 12 (-759 412 116 ) (-723 412 116 ) (-723 412 380 ) (-759 412 380 ) 
4 6 8 (-759 516 376 ) (-759 516 380 ) (-764 516 380 ) (-764 516 376 ) 
4 7 43 (-1024 1024 129 ) (-1024 1024 128 ) (-1024 516 128 ) (-1024 516 129 ) 
4 7 41 (-1024 576 129 ) (-1024 516 129 ) (-1024 516 376 ) (-1024 576 376 ) 
4 7 33 (-1024 960 129 ) (-1024 576 129 ) (-1024 576 256 ) (-1024 960 256 ) 
4 7 31 (-1024 576 256 ) (-1024 576 372 ) (-1024 960 372 ) (-1024 960 256 ) 
4 7 30 (-1024 576 372 ) (-1024 576 376 ) (-1024 960 376 ) (-1024 960 372 ) 
4 7 29 (-1024 1024 376 ) (-1024 1024 129 ) (-1024 960 129 ) (-1024 960 376 ) 
4 7 28 (-1024 516 380 ) (-1024 1024 380 ) (-1024 1024 376 ) (-1024 516 376 ) 
4 7 9 (-831 516 376 ) (-831 516 380 ) (-1024 516 380 ) (-1024 516 376 ) 
4 8 10 (-759 449 376 ) (-759 449 380 ) (-764 449 380 ) (-764 449 376 ) 
4 9 28 (-1024 449 380 ) (-1024 516 380 ) (-1024 516 376 ) (-1024 449 376 ) 
4 9 11 (-831 449 376 ) (-831 449 380 ) (-1024 449 380 ) (-1024 449 376 ) 
4 10 12 (-764 412 116 ) (-759 412 116 ) (-759 412 380 ) (-764 412 380 ) 
4 11 44 (-1024 449 129 ) (-1024 449 116 ) (-1024 412 116 ) (-1024 412 129 ) 
4 11 42 (-1024 449 376 ) (-1024 449 129 ) (-1024 412 129 ) (-1024 412 376 ) 
4 11 28 (-1024 412 380 ) (-1024 449 380 ) (-1024 449 376 ) (-1024 412 376 ) 
4 11 12 (-1024 412 116 ) (-831 412 116 ) (-831 412 380 ) (-1024 412 380 ) 
4 12 44 (-1024 412 129 ) (-1024 412 116 ) (-1024 407 116 ) (-1024 407 129 ) 
4 12 42 (-1024 412 376 ) (-1024 412 129 ) (-1024 407 129 ) (-1024 407 376 ) 
4 12 28 (-1024 407 380 ) (-1024 412 380 ) (-1024 412 376 ) (-1024 407 376 ) 
4 13 22 (-2048 1183 116 ) (-2048 1169 116 ) (-2048 1169 376 ) (-2048 1183 376 ) 
4 13 21 (-2048 1169 376 ) (-2048 1169 380 ) (-2048 1183 380 ) (-2048 1183 376 ) 
4 13 14 (-1024 1169 376 ) (-1024 1169 380 ) (-2048 1169 380 ) (-2048 1169 376 ) 
4 14 21 (-2048 1032 376 ) (-2048 1032 380 ) (-2048 1169 380 ) (-2048 1169 376 ) 
4 14 15 (-1024 1032 376 ) (-1024 1032 380 ) (-2048 1032 380 ) (-2048 1032 376 ) 
4 15 28 (-1024 1024 376 ) (-1024 1024 380 ) (-2048 1024 380 ) (-2048 1024 376 ) 
4 15 21 (-2048 1024 376 ) (-2048 1024 380 ) (-2048 1032 380 ) (-2048 1032 376 ) 
4 15 19 (-1024 1024 376 ) (-1536 1024 376 ) (-1536 1030 376 ) (-1024 1030 376 ) 
4 15 20 (-1633 1024 376 ) (-2048 1024 376 ) (-2048 1030 376 ) (-1633 1030 376 ) 
4 15 16 (-1537 1032 376 ) (-1024 1032 376 ) (-1024 1030 376 ) (-1537 1030 376 ) 
4 15 18 (-2048 1030 376 ) (-2048 1032 376 ) (-1631 1032 376 ) (-1631 1030 376 ) 
4 16 19 (-1536 1030 128 ) (-1024 1030 128 ) (-1024 1030 376 ) (-1536 1030 376 ) 
4 16 17 (-1537 1032 128 ) (-1537 1030 128 ) (-1537 1030 224 ) (-1537 1032 224 ) 
4 17 18 (-1631 1032 128 ) (-1631 1030 128 ) (-1631 1030 224 ) (-1631 1032 224 ) 
4 18 25 (-2048 1030 376 ) (-2048 1032 376 ) (-2048 1032 128 ) (-2048 1030 128 ) 
4 18 20 (-2048 1030 128 ) (-1633 1030 128 ) (-1633 1030 376 ) (-2048 1030 376 ) 
4 19 45 (-1408 1024 376 ) (-1536 1024 376 ) (-1536 1024 128 ) (-1408 1024 128 ) 
4 19 43 (-1024 1024 128 ) (-1024 1024 129 ) (-1408 1024 129 ) (-1408 1024 128 ) 
4 19 29 (-1024 1024 129 ) (-1024 1024 376 ) (-1408 1024 376 ) (-1408 1024 129 ) 
4 20 46 (-1633 1024 376 ) (-2048 1024 376 ) (-2048 1024 128 ) (-1633 1024 128 ) 
4 20 25 (-2048 1024 128 ) (-2048 1024 376 ) (-2048 1030 376 ) (-2048 1030 128 ) 
4 21 56 (-2048 1024 376 ) (-2048 1024 380 ) (-2375 1024 380 ) (-2375 1024 376 ) 
4 21 25 (-2048 1032 376 ) (-2048 1024 376 ) (-2222 1024 376 ) (-2222 1032 376 ) 
4 21 23 (-2319 1035 376 ) (-2319 1169 376 ) (-2289 1169 376 ) (-2289 1035 376 ) 
4 21 22 (-2319 1183 376 ) (-2048 1183 376 ) (-2048 1169 376 ) (-2319 1169 376 ) 
4 21 27 (-2375 1024 376 ) (-2375 1183 376 ) (-2319 1183 376 ) (-2319 1024 376 ) 
4 22 23 (-2319 1169 376 ) (-2319 1169 116 ) (-2289 1169 116 ) (-2289 1169 376 ) 
4 22 27 (-2319 1169 376 ) (-2319 1183 376 ) (-2319 1183 116 ) (-2319 1169 116 ) 
4 23 24 (-2319 1035 124 ) (-2319 1035 116 ) (-2289 1035 116 ) (-2289 1035 124 ) 
4 23 27 (-2319 1035 376 ) (-2319 1169 376 ) (-2319 1169 116 ) (-2319 1035 116 ) 
4 24 26 (-2319 1032 124 ) (-2319 1032 116 ) (-2289 1032 116 ) (-2289 1032 124 ) 
4 24 27 (-2319 1035 124 ) (-2319 1035 116 ) (-2319 1032 116 ) (-2319 1032 124 ) 
4 25 57 (-2048 1024 128 ) (-2048 1024 376 ) (-2222 1024 376 ) (-2222 1024 128 ) 
4 26 58 (-2319 1024 124 ) (-2319 1024 116 ) (-2230 1024 116 ) (-2230 1024 124 ) 
4 26 27 (-2319 1032 124 ) (-2319 1032 116 ) (-2319 1024 116 ) (-2319 1024 124 ) 
4 27 62 (-2319 1024 376 ) (-2375 1024 376 ) (-2375 1024 116 ) (-2319 1024 116 ) 
4 28 56 (-2048 1024 380 ) (-2048 1024 376 ) (-2048 407 376 ) (-2048 407 380 ) 
4 28 55 (-2048 407 376 ) (-2048 440 376 ) (-1408 440 376 ) (-1408 407 376 ) 
4 28 54 (-2048 440 376 ) (-2048 449 376 ) (-1631 449 376 ) (-1631 440 376 ) 
4 28 52 (-1408 449 376 ) (-1408 440 376 ) (-1537 440 376 ) (-1537 449 376 ) 
4 28 50 (-1636 813 376 ) (-1631 813 376 ) (-1631 707 376 ) (-1636 707 376 ) 
4 28 48 (-1537 813 376 ) (-1536 813 376 ) (-1536 707 376 ) (-1537 707 376 ) 
4 28 47 (-1536 813 376 ) (-1408 813 376 ) (-1408 516 376 ) (-1536 516 376 ) 
4 28 51 (-2048 516 376 ) (-2048 813 376 ) (-1636 813 376 ) (-1636 516 376 ) 
4 28 45 (-1536 1024 376 ) (-1408 1024 376 ) (-1408 813 376 ) (-1536 813 376 ) 
4 28 46 (-2048 813 376 ) (-2048 1024 376 ) (-1633 1024 376 ) (-1633 813 376 ) 
4 28 42 (-1024 449 376 ) (-1024 407 376 ) (-1408 407 376 ) (-1408 449 376 ) 
4 28 41 (-1024 576 376 ) (-1024 516 376 ) (-1408 516 376 ) (-1408 576 376 ) 
4 28 30 (-1024 960 376 ) (-1024 576 376 ) (-1408 576 376 ) (-1408 960 376 ) 
4 28 29 (-1408 1024 376 ) (-1024 1024 376 ) (-1024 960 376 ) (-1408 960 376 ) 
4 29 45 (-1408 960 376 ) (-1408 1024 376 ) (-1408 1024 129 ) (-1408 960 129 ) 
4 29 43 (-1408 960 129 ) (-1408 1024 129 ) (-1024 1024 129 ) (-1024 960 129 ) 
4 29 37 (-1280 960 129 ) (-1216 960 129 ) (-1216 960 244 ) (-1280 960 244 ) 
4 29 33 (-1088 960 129 ) (-1024 960 129 ) (-1024 960 256 ) (-1088 960 256 ) 
4 29 32 (-1408 960 372 ) (-1408 960 256 ) (-1396.038086 960 256 ) (-1242.489868 960 372 ) 
4 29 31 (-1104.529419 960 256 ) (-1024 960 256 ) (-1024 960 372 ) (-1242.079956 960 372 ) 
4 29 30 (-1408 960 376 ) (-1408 960 372 ) (-1024 960 372 ) (-1024 960 376 ) 
4 30 47 (-1408 576 376 ) (-1408 813 376 ) (-1408 813 372 ) (-1408 576 372 ) 
4 30 45 (-1408 813 376 ) (-1408 960 376 ) (-1408 960 372 ) (-1408 813 372 ) 
4 30 41 (-1408 576 376 ) (-1408 576 372 ) (-1024 576 372 ) (-1024 576 376 ) 
4 30 32 (-1242.489868 576 372 ) (-1408 576 372 ) (-1408 960 372 ) (-1242.489868 960 372 ) 
4 30 31 (-1024 576 372 ) (-1242.079956 576 372 ) (-1242.079956 960 372 ) (-1024 960 372 ) 
4 31 41 (-1104.529419 576 256 ) (-1024 576 256 ) (-1024 576 372 ) (-1242.079956 576 372 ) 
4 31 34 (-1104.529419 768 256 ) (-1104.529419 824 256 ) (-1088 824 256 ) (-1088 768 256 ) 
4 31 33 (-1024 576 256 ) (-1088 576 256 ) (-1088 960 256 ) (-1024 960 256 ) 
4 32 47 (-1408 813 256 ) (-1408 576 256 ) (-1408 576 372 ) (-1408 813 372 ) 
4 32 45 (-1408 960 372 ) (-1408 960 256 ) (-1408 813 256 ) (-1408 813 372 ) 
4 32 41 (-1408 576 372 ) (-1408 576 256 ) (-1396.038086 576 256 ) (-1242.489868 576 372 ) 
4 32 39 (-1408 704 256 ) (-1408 768 256 ) (-1396.038086 768 256 ) (-1396.038086 704 256 ) 
4 33 43 (-1088 960 129 ) (-1024 960 129 ) (-1024 576 129 ) (-1088 576 129 ) 
4 33 41 (-1088 576 129 ) (-1024 576 129 ) (-1024 576 256 ) (-1088 576 256 ) 
4 33 35 (-1088 824 129 ) (-1088 768 129 ) (-1088 768 244 ) (-1088 824 244 ) 
4 33 34 (-1088 768 256 ) (-1088 824 256 ) (-1088 824 244 ) (-1088 768 244 ) 
4 34 35 (-1088 768 244 ) (-1090.300049 768 244 ) (-1090.300049 824 244 ) (-1088 824 244 ) 
4 35 43 (-1088 824 129 ) (-1088 768 129 ) (-1156 768 129 ) (-1156 824 129 ) 
4 35 38 (-1156 824 129 ) (-1156 768 129 ) (-1156 768 244 ) (-1156 824 244 ) 
4 35 36 (-1156 768 244 ) (-1156 768 129 ) (-1152 768 129 ) (-1152 768 244 ) 
4 36 43 (-1152 640 129 ) (-1156 640 129 ) (-1156 768 129 ) (-1152 768 129 ) 
4 36 38 (-1156 768 244 ) (-1156 768 129 ) (-1156 640 129 ) (-1156 640 244 ) 
4 37 43 (-1280 960 129 ) (-1216 960 129 ) (-1216 896 129 ) (-1280 896 129 ) 
4 37 38 (-1280 896 129 ) (-1216 896 129 ) (-1216 896 244 ) (-1280 896 244 ) 
4 38 43 (-1344 896 129 ) (-1156 896 129 ) (-1156 640 129 ) (-1344 640 129 ) 
4 38 40 (-1344 768 129 ) (-1344 704 129 ) (-1344 704 244 ) (-1344 768 244 ) 
4 39 47 (-1408 704 256 ) (-1408 768 256 ) (-1408 768 246.963242 ) (-1408 704 246.963242 ) 
4 40 47 (-1408 768 129 ) (-1408 704 129 ) (-1408 704 244 ) (-1408 768 244 ) 
4 40 43 (-1408 704 129 ) (-1408 768 129 ) (-1344 768 129 ) (-1344 704 129 ) 
4 41 47 (-1408 516 376 ) (-1408 576 376 ) (-1408 576 129 ) (-1408 516 129 ) 
4 41 43 (-1408 516 129 ) (-1408 576 129 ) (-1024 576 129 ) (-1024 516 129 ) 
4 42 55 (-1408 407 376 ) (-1408 440 376 ) (-1408 440 129 ) (-1408 407 129 ) 
4 42 52 (-1408 440 376 ) (-1408 449 376 ) (-1408 449 129 ) (-1408 440 129 ) 
4 42 44 (-1408 407 129 ) (-1408 449 129 ) (-1024 449 129 ) (-1024 407 129 ) 
4 43 47 (-1408 516 128 ) (-1408 516 129 ) (-1408 813 129 ) (-1408 813 128 ) 
4 43 45 (-1408 813 129 ) (-1408 1024 129 ) (-1408 1024 128 ) (-1408 813 128 ) 
4 44 55 (-1408 440 116 ) (-1408 407 116 ) (-1408 407 129 ) (-1408 440 129 ) 
4 44 52 (-1408 449 116 ) (-1408 440 116 ) (-1408 440 129 ) (-1408 449 129 ) 
4 45 47 (-1408 813 128 ) (-1408 813 376 ) (-1536 813 376 ) (-1536 813 128 ) 
4 46 57 (-2048 1024 376 ) (-2048 1024 128 ) (-2048 813 128 ) (-2048 813 376 ) 
4 46 50 (-1633 813 376 ) (-1636 813 376 ) (-1636 813 128 ) (-1633 813 128 ) 
4 46 51 (-1636 813 376 ) (-2048 813 376 ) (-2048 813 128 ) (-1636 813 128 ) 
4 47 48 (-1536 813 376 ) (-1536 813 128 ) (-1536 707 128 ) (-1536 707 376 ) 
4 48 49 (-1537 813 224 ) (-1537 813 128 ) (-1537 707 128 ) (-1537 707 224 ) 
4 49 50 (-1631 813 224 ) (-1631 813 128 ) (-1631 707 128 ) (-1631 707 224 ) 
4 50 51 (-1636 813 376 ) (-1636 813 128 ) (-1636 707 128 ) (-1636 707 376 ) 
4 51 57 (-2048 516 128 ) (-2048 516 376 ) (-2048 813 376 ) (-2048 813 128 ) 
4 52 55 (-1537 440 116 ) (-1408 440 116 ) (-1408 440 376 ) (-1537 440 376 ) 
4 52 53 (-1537 449 116 ) (-1537 440 116 ) (-1537 440 224 ) (-1537 449 224 ) 
4 53 55 (-1631 440 116 ) (-1537 440 116 ) (-1537 440 224 ) (-1631 440 224 ) 
4 53 54 (-1631 449 116 ) (-1631 440 116 ) (-1631 440 224 ) (-1631 449 224 ) 
4 54 61 (-2048 449 116 ) (-2048 440 116 ) (-2048 440 376 ) (-2048 449 376 ) 
4 54 55 (-2048 440 116 ) (-1631 440 116 ) (-1631 440 376 ) (-2048 440 376 ) 
4 55 61 (-2048 440 116 ) (-2048 407 116 ) (-2048 407 376 ) (-2048 440 376 ) 
4 56 60 (-2319 449 376 ) (-2319 507 376 ) (-2300 507 376 ) (-2300 449 376 ) 
4 56 57 (-2222 1024 376 ) (-2048 1024 376 ) (-2048 516 376 ) (-2222 516 376 ) 
4 56 61 (-2048 407 376 ) (-2319 407 376 ) (-2319 449 376 ) (-2048 449 376 ) 
4 56 62 (-2319 407 376 ) (-2375 407 376 ) (-2375 1024 376 ) (-2319 1024 376 ) 
4 58 59 (-2319 516 124 ) (-2319 516 116 ) (-2300 516 116 ) (-2300 516 124 ) 
4 58 62 (-2319 1024 116 ) (-2319 516 116 ) (-2319 516 124 ) (-2319 1024 124 ) 
4 59 60 (-2319 507 124 ) (-2319 507 116 ) (-2300 507 116 ) (-2300 507 124 ) 
4 59 62 (-2319 516 116 ) (-2319 507 116 ) (-2319 507 124 ) (-2319 516 124 ) 
4 60 62 (-2319 507 116 ) (-2319 449 116 ) (-2319 449 376 ) (-2319 507 376 ) 
4 60 61 (-2319 449 376 ) (-2319 449 116 ) (-2300 449 116 ) (-2300 449 376 ) 
4 61 62 (-2319 449 116 ) (-2319 407 116 ) (-2319 407 376 ) (-2319 449 376 ) 
